[2024-08-29 08:46:24] local.ERROR: SQLSTATE[HY000] [1045] Access denied for user 'root'@'localhost' (using password: NO) (Connection: mysql, SQL: select * from `sessions` where `id` = d827fAPCtsUGH7r5jH7IT9zflXHXMMfMmAMIZe5F limit 1) {"exception":"[object] (Illuminate\\Database\\QueryException(code: 1045): SQLSTATE[HY000] [1045] Access denied for user 'root'@'localhost' (using password: NO) (Connection: mysql, SQL: select * from `sessions` where `id` = d827fAPCtsUGH7r5jH7IT9zflXHXMMfMmAMIZe5F limit 1) at /var/www/vhosts/webwideit.solutions/demo.webwideit.solutions/raman-jeweller-erp/vendor/laravel/framework/src/Illuminate/Database/Connection.php:813)
[stacktrace]
#0 /var/www/vhosts/webwideit.solutions/demo.webwideit.solutions/raman-jeweller-erp/vendor/laravel/framework/src/Illuminate/Database/Connection.php(767): Illuminate\\Database\\Connection->runQueryCallback()
#1 /var/www/vhosts/webwideit.solutions/demo.webwideit.solutions/raman-jeweller-erp/vendor/laravel/framework/src/Illuminate/Database/Connection.php(398): Illuminate\\Database\\Connection->run()
#2 /var/www/vhosts/webwideit.solutions/demo.webwideit.solutions/raman-jeweller-erp/vendor/laravel/framework/src/Illuminate/Database/Query/Builder.php(3061): Illuminate\\Database\\Connection->select()
#3 /var/www/vhosts/webwideit.solutions/demo.webwideit.solutions/raman-jeweller-erp/vendor/laravel/framework/src/Illuminate/Database/Query/Builder.php(3046): Illuminate\\Database\\Query\\Builder->runSelect()
#4 /var/www/vhosts/webwideit.solutions/demo.webwideit.solutions/raman-jeweller-erp/vendor/laravel/framework/src/Illuminate/Database/Query/Builder.php(3634): Illuminate\\Database\\Query\\Builder->Illuminate\\Database\\Query\\{closure}()
#5 /var/www/vhosts/webwideit.solutions/demo.webwideit.solutions/raman-jeweller-erp/vendor/laravel/framework/src/Illuminate/Database/Query/Builder.php(3045): Illuminate\\Database\\Query\\Builder->onceWithColumns()
#6 /var/www/vhosts/webwideit.solutions/demo.webwideit.solutions/raman-jeweller-erp/vendor/laravel/framework/src/Illuminate/Database/Concerns/BuildsQueries.php(343): Illuminate\\Database\\Query\\Builder->get()
#7 /var/www/vhosts/webwideit.solutions/demo.webwideit.solutions/raman-jeweller-erp/vendor/laravel/framework/src/Illuminate/Database/Query/Builder.php(2966): Illuminate\\Database\\Query\\Builder->first()
#8 /var/www/vhosts/webwideit.solutions/demo.webwideit.solutions/raman-jeweller-erp/vendor/laravel/framework/src/Illuminate/Session/DatabaseSessionHandler.php(97): Illuminate\\Database\\Query\\Builder->find()
#9 /var/www/vhosts/webwideit.solutions/demo.webwideit.solutions/raman-jeweller-erp/vendor/laravel/framework/src/Illuminate/Session/Store.php(113): Illuminate\\Session\\DatabaseSessionHandler->read()
#10 /var/www/vhosts/webwideit.solutions/demo.webwideit.solutions/raman-jeweller-erp/vendor/laravel/framework/src/Illuminate/Session/Store.php(101): Illuminate\\Session\\Store->readFromHandler()
#11 /var/www/vhosts/webwideit.solutions/demo.webwideit.solutions/raman-jeweller-erp/vendor/laravel/framework/src/Illuminate/Session/Store.php(85): Illuminate\\Session\\Store->loadSession()
#12 /var/www/vhosts/webwideit.solutions/demo.webwideit.solutions/raman-jeweller-erp/vendor/laravel/framework/src/Illuminate/Session/Middleware/StartSession.php(147): Illuminate\\Session\\Store->start()
#13 /var/www/vhosts/webwideit.solutions/demo.webwideit.solutions/raman-jeweller-erp/vendor/laravel/framework/src/Illuminate/Support/helpers.php(380): Illuminate\\Session\\Middleware\\StartSession->Illuminate\\Session\\Middleware\\{closure}()
#14 /var/www/vhosts/webwideit.solutions/demo.webwideit.solutions/raman-jeweller-erp/vendor/laravel/framework/src/Illuminate/Session/Middleware/StartSession.php(144): tap()
#15 /var/www/vhosts/webwideit.solutions/demo.webwideit.solutions/raman-jeweller-erp/vendor/laravel/framework/src/Illuminate/Session/Middleware/StartSession.php(116): Illuminate\\Session\\Middleware\\StartSession->startSession()
#16 /var/www/vhosts/webwideit.solutions/demo.webwideit.solutions/raman-jeweller-erp/vendor/laravel/framework/src/Illuminate/Session/Middleware/StartSession.php(64): Illuminate\\Session\\Middleware\\StartSession->handleStatefulRequest()
#17 /var/www/vhosts/webwideit.solutions/demo.webwideit.solutions/raman-jeweller-erp/vendor/laravel/framework/src/Illuminate/Pipeline/Pipeline.php(183): Illuminate\\Session\\Middleware\\StartSession->handle()
#18 /var/www/vhosts/webwideit.solutions/demo.webwideit.solutions/raman-jeweller-erp/vendor/laravel/framework/src/Illuminate/Cookie/Middleware/AddQueuedCookiesToResponse.php(37): Illuminate\\Pipeline\\Pipeline->Illuminate\\Pipeline\\{closure}()
#19 /var/www/vhosts/webwideit.solutions/demo.webwideit.solutions/raman-jeweller-erp/vendor/laravel/framework/src/Illuminate/Pipeline/Pipeline.php(183): Illuminate\\Cookie\\Middleware\\AddQueuedCookiesToResponse->handle()
#20 /var/www/vhosts/webwideit.solutions/demo.webwideit.solutions/raman-jeweller-erp/vendor/laravel/framework/src/Illuminate/Cookie/Middleware/EncryptCookies.php(75): Illuminate\\Pipeline\\Pipeline->Illuminate\\Pipeline\\{closure}()
#21 /var/www/vhosts/webwideit.solutions/demo.webwideit.solutions/raman-jeweller-erp/vendor/laravel/framework/src/Illuminate/Pipeline/Pipeline.php(183): Illuminate\\Cookie\\Middleware\\EncryptCookies->handle()
#22 /var/www/vhosts/webwideit.solutions/demo.webwideit.solutions/raman-jeweller-erp/vendor/laravel/framework/src/Illuminate/Pipeline/Pipeline.php(119): Illuminate\\Pipeline\\Pipeline->Illuminate\\Pipeline\\{closure}()
#23 /var/www/vhosts/webwideit.solutions/demo.webwideit.solutions/raman-jeweller-erp/vendor/laravel/framework/src/Illuminate/Routing/Router.php(807): Illuminate\\Pipeline\\Pipeline->then()
#24 /var/www/vhosts/webwideit.solutions/demo.webwideit.solutions/raman-jeweller-erp/vendor/laravel/framework/src/Illuminate/Routing/Router.php(786): Illuminate\\Routing\\Router->runRouteWithinStack()
#25 /var/www/vhosts/webwideit.solutions/demo.webwideit.solutions/raman-jeweller-erp/vendor/laravel/framework/src/Illuminate/Routing/Router.php(750): Illuminate\\Routing\\Router->runRoute()
#26 /var/www/vhosts/webwideit.solutions/demo.webwideit.solutions/raman-jeweller-erp/vendor/laravel/framework/src/Illuminate/Routing/Router.php(739): Illuminate\\Routing\\Router->dispatchToRoute()
#27 /var/www/vhosts/webwideit.solutions/demo.webwideit.solutions/raman-jeweller-erp/vendor/laravel/framework/src/Illuminate/Foundation/Http/Kernel.php(201): Illuminate\\Routing\\Router->dispatch()
#28 /var/www/vhosts/webwideit.solutions/demo.webwideit.solutions/raman-jeweller-erp/vendor/laravel/framework/src/Illuminate/Pipeline/Pipeline.php(144): Illuminate\\Foundation\\Http\\Kernel->Illuminate\\Foundation\\Http\\{closure}()
#29 /var/www/vhosts/webwideit.solutions/demo.webwideit.solutions/raman-jeweller-erp/vendor/laravel/framework/src/Illuminate/Foundation/Http/Middleware/TransformsRequest.php(21): Illuminate\\Pipeline\\Pipeline->Illuminate\\Pipeline\\{closure}()
#30 /var/www/vhosts/webwideit.solutions/demo.webwideit.solutions/raman-jeweller-erp/vendor/laravel/framework/src/Illuminate/Foundation/Http/Middleware/ConvertEmptyStringsToNull.php(31): Illuminate\\Foundation\\Http\\Middleware\\TransformsRequest->handle()
#31 /var/www/vhosts/webwideit.solutions/demo.webwideit.solutions/raman-jeweller-erp/vendor/laravel/framework/src/Illuminate/Pipeline/Pipeline.php(183): Illuminate\\Foundation\\Http\\Middleware\\ConvertEmptyStringsToNull->handle()
#32 /var/www/vhosts/webwideit.solutions/demo.webwideit.solutions/raman-jeweller-erp/vendor/laravel/framework/src/Illuminate/Foundation/Http/Middleware/TransformsRequest.php(21): Illuminate\\Pipeline\\Pipeline->Illuminate\\Pipeline\\{closure}()
#33 /var/www/vhosts/webwideit.solutions/demo.webwideit.solutions/raman-jeweller-erp/vendor/laravel/framework/src/Illuminate/Foundation/Http/Middleware/TrimStrings.php(51): Illuminate\\Foundation\\Http\\Middleware\\TransformsRequest->handle()
#34 /var/www/vhosts/webwideit.solutions/demo.webwideit.solutions/raman-jeweller-erp/vendor/laravel/framework/src/Illuminate/Pipeline/Pipeline.php(183): Illuminate\\Foundation\\Http\\Middleware\\TrimStrings->handle()
#35 /var/www/vhosts/webwideit.solutions/demo.webwideit.solutions/raman-jeweller-erp/vendor/laravel/framework/src/Illuminate/Http/Middleware/ValidatePostSize.php(27): Illuminate\\Pipeline\\Pipeline->Illuminate\\Pipeline\\{closure}()
#36 /var/www/vhosts/webwideit.solutions/demo.webwideit.solutions/raman-jeweller-erp/vendor/laravel/framework/src/Illuminate/Pipeline/Pipeline.php(183): Illuminate\\Http\\Middleware\\ValidatePostSize->handle()
#37 /var/www/vhosts/webwideit.solutions/demo.webwideit.solutions/raman-jeweller-erp/vendor/laravel/framework/src/Illuminate/Foundation/Http/Middleware/PreventRequestsDuringMaintenance.php(110): Illuminate\\Pipeline\\Pipeline->Illuminate\\Pipeline\\{closure}()
#38 /var/www/vhosts/webwideit.solutions/demo.webwideit.solutions/raman-jeweller-erp/vendor/laravel/framework/src/Illuminate/Pipeline/Pipeline.php(183): Illuminate\\Foundation\\Http\\Middleware\\PreventRequestsDuringMaintenance->handle()
#39 /var/www/vhosts/webwideit.solutions/demo.webwideit.solutions/raman-jeweller-erp/vendor/laravel/framework/src/Illuminate/Http/Middleware/HandleCors.php(49): Illuminate\\Pipeline\\Pipeline->Illuminate\\Pipeline\\{closure}()
#40 /var/www/vhosts/webwideit.solutions/demo.webwideit.solutions/raman-jeweller-erp/vendor/laravel/framework/src/Illuminate/Pipeline/Pipeline.php(183): Illuminate\\Http\\Middleware\\HandleCors->handle()
#41 /var/www/vhosts/webwideit.solutions/demo.webwideit.solutions/raman-jeweller-erp/vendor/laravel/framework/src/Illuminate/Http/Middleware/TrustProxies.php(57): Illuminate\\Pipeline\\Pipeline->Illuminate\\Pipeline\\{closure}()
#42 /var/www/vhosts/webwideit.solutions/demo.webwideit.solutions/raman-jeweller-erp/vendor/laravel/framework/src/Illuminate/Pipeline/Pipeline.php(183): Illuminate\\Http\\Middleware\\TrustProxies->handle()
#43 /var/www/vhosts/webwideit.solutions/demo.webwideit.solutions/raman-jeweller-erp/vendor/laravel/framework/src/Illuminate/Pipeline/Pipeline.php(119): Illuminate\\Pipeline\\Pipeline->Illuminate\\Pipeline\\{closure}()
#44 /var/www/vhosts/webwideit.solutions/demo.webwideit.solutions/raman-jeweller-erp/vendor/laravel/framework/src/Illuminate/Foundation/Http/Kernel.php(176): Illuminate\\Pipeline\\Pipeline->then()
#45 /var/www/vhosts/webwideit.solutions/demo.webwideit.solutions/raman-jeweller-erp/vendor/laravel/framework/src/Illuminate/Foundation/Http/Kernel.php(145): Illuminate\\Foundation\\Http\\Kernel->sendRequestThroughRouter()
#46 /var/www/vhosts/webwideit.solutions/demo.webwideit.solutions/raman-jeweller-erp/vendor/laravel/framework/src/Illuminate/Foundation/Application.php(1188): Illuminate\\Foundation\\Http\\Kernel->handle()
#47 /var/www/vhosts/webwideit.solutions/demo.webwideit.solutions/raman-jeweller-erp/public/index.php(17): Illuminate\\Foundation\\Application->handleRequest()
#48 {main}

[previous exception] [object] (PDOException(code: 1045): SQLSTATE[HY000] [1045] Access denied for user 'root'@'localhost' (using password: NO) at /var/www/vhosts/webwideit.solutions/demo.webwideit.solutions/raman-jeweller-erp/vendor/laravel/framework/src/Illuminate/Database/Connectors/Connector.php:65)
[stacktrace]
#0 /var/www/vhosts/webwideit.solutions/demo.webwideit.solutions/raman-jeweller-erp/vendor/laravel/framework/src/Illuminate/Database/Connectors/Connector.php(65): PDO->__construct()
#1 /var/www/vhosts/webwideit.solutions/demo.webwideit.solutions/raman-jeweller-erp/vendor/laravel/framework/src/Illuminate/Database/Connectors/Connector.php(44): Illuminate\\Database\\Connectors\\Connector->createPdoConnection()
#2 /var/www/vhosts/webwideit.solutions/demo.webwideit.solutions/raman-jeweller-erp/vendor/laravel/framework/src/Illuminate/Database/Connectors/MySqlConnector.php(24): Illuminate\\Database\\Connectors\\Connector->createConnection()
#3 /var/www/vhosts/webwideit.solutions/demo.webwideit.solutions/raman-jeweller-erp/vendor/laravel/framework/src/Illuminate/Database/Connectors/ConnectionFactory.php(185): Illuminate\\Database\\Connectors\\MySqlConnector->connect()
#4 [internal function]: Illuminate\\Database\\Connectors\\ConnectionFactory->Illuminate\\Database\\Connectors\\{closure}()
#5 /var/www/vhosts/webwideit.solutions/demo.webwideit.solutions/raman-jeweller-erp/vendor/laravel/framework/src/Illuminate/Database/Connection.php(1219): call_user_func()
#6 /var/www/vhosts/webwideit.solutions/demo.webwideit.solutions/raman-jeweller-erp/vendor/laravel/framework/src/Illuminate/Database/Connection.php(1255): Illuminate\\Database\\Connection->getPdo()
#7 /var/www/vhosts/webwideit.solutions/demo.webwideit.solutions/raman-jeweller-erp/vendor/laravel/framework/src/Illuminate/Database/Connection.php(512): Illuminate\\Database\\Connection->getReadPdo()
#8 /var/www/vhosts/webwideit.solutions/demo.webwideit.solutions/raman-jeweller-erp/vendor/laravel/framework/src/Illuminate/Database/Connection.php(407): Illuminate\\Database\\Connection->getPdoForSelect()
#9 /var/www/vhosts/webwideit.solutions/demo.webwideit.solutions/raman-jeweller-erp/vendor/laravel/framework/src/Illuminate/Database/Connection.php(800): Illuminate\\Database\\Connection->Illuminate\\Database\\{closure}()
#10 /var/www/vhosts/webwideit.solutions/demo.webwideit.solutions/raman-jeweller-erp/vendor/laravel/framework/src/Illuminate/Database/Connection.php(767): Illuminate\\Database\\Connection->runQueryCallback()
#11 /var/www/vhosts/webwideit.solutions/demo.webwideit.solutions/raman-jeweller-erp/vendor/laravel/framework/src/Illuminate/Database/Connection.php(398): Illuminate\\Database\\Connection->run()
#12 /var/www/vhosts/webwideit.solutions/demo.webwideit.solutions/raman-jeweller-erp/vendor/laravel/framework/src/Illuminate/Database/Query/Builder.php(3061): Illuminate\\Database\\Connection->select()
#13 /var/www/vhosts/webwideit.solutions/demo.webwideit.solutions/raman-jeweller-erp/vendor/laravel/framework/src/Illuminate/Database/Query/Builder.php(3046): Illuminate\\Database\\Query\\Builder->runSelect()
#14 /var/www/vhosts/webwideit.solutions/demo.webwideit.solutions/raman-jeweller-erp/vendor/laravel/framework/src/Illuminate/Database/Query/Builder.php(3634): Illuminate\\Database\\Query\\Builder->Illuminate\\Database\\Query\\{closure}()
#15 /var/www/vhosts/webwideit.solutions/demo.webwideit.solutions/raman-jeweller-erp/vendor/laravel/framework/src/Illuminate/Database/Query/Builder.php(3045): Illuminate\\Database\\Query\\Builder->onceWithColumns()
#16 /var/www/vhosts/webwideit.solutions/demo.webwideit.solutions/raman-jeweller-erp/vendor/laravel/framework/src/Illuminate/Database/Concerns/BuildsQueries.php(343): Illuminate\\Database\\Query\\Builder->get()
#17 /var/www/vhosts/webwideit.solutions/demo.webwideit.solutions/raman-jeweller-erp/vendor/laravel/framework/src/Illuminate/Database/Query/Builder.php(2966): Illuminate\\Database\\Query\\Builder->first()
#18 /var/www/vhosts/webwideit.solutions/demo.webwideit.solutions/raman-jeweller-erp/vendor/laravel/framework/src/Illuminate/Session/DatabaseSessionHandler.php(97): Illuminate\\Database\\Query\\Builder->find()
#19 /var/www/vhosts/webwideit.solutions/demo.webwideit.solutions/raman-jeweller-erp/vendor/laravel/framework/src/Illuminate/Session/Store.php(113): Illuminate\\Session\\DatabaseSessionHandler->read()
#20 /var/www/vhosts/webwideit.solutions/demo.webwideit.solutions/raman-jeweller-erp/vendor/laravel/framework/src/Illuminate/Session/Store.php(101): Illuminate\\Session\\Store->readFromHandler()
#21 /var/www/vhosts/webwideit.solutions/demo.webwideit.solutions/raman-jeweller-erp/vendor/laravel/framework/src/Illuminate/Session/Store.php(85): Illuminate\\Session\\Store->loadSession()
#22 /var/www/vhosts/webwideit.solutions/demo.webwideit.solutions/raman-jeweller-erp/vendor/laravel/framework/src/Illuminate/Session/Middleware/StartSession.php(147): Illuminate\\Session\\Store->start()
#23 /var/www/vhosts/webwideit.solutions/demo.webwideit.solutions/raman-jeweller-erp/vendor/laravel/framework/src/Illuminate/Support/helpers.php(380): Illuminate\\Session\\Middleware\\StartSession->Illuminate\\Session\\Middleware\\{closure}()
#24 /var/www/vhosts/webwideit.solutions/demo.webwideit.solutions/raman-jeweller-erp/vendor/laravel/framework/src/Illuminate/Session/Middleware/StartSession.php(144): tap()
#25 /var/www/vhosts/webwideit.solutions/demo.webwideit.solutions/raman-jeweller-erp/vendor/laravel/framework/src/Illuminate/Session/Middleware/StartSession.php(116): Illuminate\\Session\\Middleware\\StartSession->startSession()
#26 /var/www/vhosts/webwideit.solutions/demo.webwideit.solutions/raman-jeweller-erp/vendor/laravel/framework/src/Illuminate/Session/Middleware/StartSession.php(64): Illuminate\\Session\\Middleware\\StartSession->handleStatefulRequest()
#27 /var/www/vhosts/webwideit.solutions/demo.webwideit.solutions/raman-jeweller-erp/vendor/laravel/framework/src/Illuminate/Pipeline/Pipeline.php(183): Illuminate\\Session\\Middleware\\StartSession->handle()
#28 /var/www/vhosts/webwideit.solutions/demo.webwideit.solutions/raman-jeweller-erp/vendor/laravel/framework/src/Illuminate/Cookie/Middleware/AddQueuedCookiesToResponse.php(37): Illuminate\\Pipeline\\Pipeline->Illuminate\\Pipeline\\{closure}()
#29 /var/www/vhosts/webwideit.solutions/demo.webwideit.solutions/raman-jeweller-erp/vendor/laravel/framework/src/Illuminate/Pipeline/Pipeline.php(183): Illuminate\\Cookie\\Middleware\\AddQueuedCookiesToResponse->handle()
#30 /var/www/vhosts/webwideit.solutions/demo.webwideit.solutions/raman-jeweller-erp/vendor/laravel/framework/src/Illuminate/Cookie/Middleware/EncryptCookies.php(75): Illuminate\\Pipeline\\Pipeline->Illuminate\\Pipeline\\{closure}()
#31 /var/www/vhosts/webwideit.solutions/demo.webwideit.solutions/raman-jeweller-erp/vendor/laravel/framework/src/Illuminate/Pipeline/Pipeline.php(183): Illuminate\\Cookie\\Middleware\\EncryptCookies->handle()
#32 /var/www/vhosts/webwideit.solutions/demo.webwideit.solutions/raman-jeweller-erp/vendor/laravel/framework/src/Illuminate/Pipeline/Pipeline.php(119): Illuminate\\Pipeline\\Pipeline->Illuminate\\Pipeline\\{closure}()
#33 /var/www/vhosts/webwideit.solutions/demo.webwideit.solutions/raman-jeweller-erp/vendor/laravel/framework/src/Illuminate/Routing/Router.php(807): Illuminate\\Pipeline\\Pipeline->then()
#34 /var/www/vhosts/webwideit.solutions/demo.webwideit.solutions/raman-jeweller-erp/vendor/laravel/framework/src/Illuminate/Routing/Router.php(786): Illuminate\\Routing\\Router->runRouteWithinStack()
#35 /var/www/vhosts/webwideit.solutions/demo.webwideit.solutions/raman-jeweller-erp/vendor/laravel/framework/src/Illuminate/Routing/Router.php(750): Illuminate\\Routing\\Router->runRoute()
#36 /var/www/vhosts/webwideit.solutions/demo.webwideit.solutions/raman-jeweller-erp/vendor/laravel/framework/src/Illuminate/Routing/Router.php(739): Illuminate\\Routing\\Router->dispatchToRoute()
#37 /var/www/vhosts/webwideit.solutions/demo.webwideit.solutions/raman-jeweller-erp/vendor/laravel/framework/src/Illuminate/Foundation/Http/Kernel.php(201): Illuminate\\Routing\\Router->dispatch()
#38 /var/www/vhosts/webwideit.solutions/demo.webwideit.solutions/raman-jeweller-erp/vendor/laravel/framework/src/Illuminate/Pipeline/Pipeline.php(144): Illuminate\\Foundation\\Http\\Kernel->Illuminate\\Foundation\\Http\\{closure}()
#39 /var/www/vhosts/webwideit.solutions/demo.webwideit.solutions/raman-jeweller-erp/vendor/laravel/framework/src/Illuminate/Foundation/Http/Middleware/TransformsRequest.php(21): Illuminate\\Pipeline\\Pipeline->Illuminate\\Pipeline\\{closure}()
#40 /var/www/vhosts/webwideit.solutions/demo.webwideit.solutions/raman-jeweller-erp/vendor/laravel/framework/src/Illuminate/Foundation/Http/Middleware/ConvertEmptyStringsToNull.php(31): Illuminate\\Foundation\\Http\\Middleware\\TransformsRequest->handle()
#41 /var/www/vhosts/webwideit.solutions/demo.webwideit.solutions/raman-jeweller-erp/vendor/laravel/framework/src/Illuminate/Pipeline/Pipeline.php(183): Illuminate\\Foundation\\Http\\Middleware\\ConvertEmptyStringsToNull->handle()
#42 /var/www/vhosts/webwideit.solutions/demo.webwideit.solutions/raman-jeweller-erp/vendor/laravel/framework/src/Illuminate/Foundation/Http/Middleware/TransformsRequest.php(21): Illuminate\\Pipeline\\Pipeline->Illuminate\\Pipeline\\{closure}()
#43 /var/www/vhosts/webwideit.solutions/demo.webwideit.solutions/raman-jeweller-erp/vendor/laravel/framework/src/Illuminate/Foundation/Http/Middleware/TrimStrings.php(51): Illuminate\\Foundation\\Http\\Middleware\\TransformsRequest->handle()
#44 /var/www/vhosts/webwideit.solutions/demo.webwideit.solutions/raman-jeweller-erp/vendor/laravel/framework/src/Illuminate/Pipeline/Pipeline.php(183): Illuminate\\Foundation\\Http\\Middleware\\TrimStrings->handle()
#45 /var/www/vhosts/webwideit.solutions/demo.webwideit.solutions/raman-jeweller-erp/vendor/laravel/framework/src/Illuminate/Http/Middleware/ValidatePostSize.php(27): Illuminate\\Pipeline\\Pipeline->Illuminate\\Pipeline\\{closure}()
#46 /var/www/vhosts/webwideit.solutions/demo.webwideit.solutions/raman-jeweller-erp/vendor/laravel/framework/src/Illuminate/Pipeline/Pipeline.php(183): Illuminate\\Http\\Middleware\\ValidatePostSize->handle()
#47 /var/www/vhosts/webwideit.solutions/demo.webwideit.solutions/raman-jeweller-erp/vendor/laravel/framework/src/Illuminate/Foundation/Http/Middleware/PreventRequestsDuringMaintenance.php(110): Illuminate\\Pipeline\\Pipeline->Illuminate\\Pipeline\\{closure}()
#48 /var/www/vhosts/webwideit.solutions/demo.webwideit.solutions/raman-jeweller-erp/vendor/laravel/framework/src/Illuminate/Pipeline/Pipeline.php(183): Illuminate\\Foundation\\Http\\Middleware\\PreventRequestsDuringMaintenance->handle()
#49 /var/www/vhosts/webwideit.solutions/demo.webwideit.solutions/raman-jeweller-erp/vendor/laravel/framework/src/Illuminate/Http/Middleware/HandleCors.php(49): Illuminate\\Pipeline\\Pipeline->Illuminate\\Pipeline\\{closure}()
#50 /var/www/vhosts/webwideit.solutions/demo.webwideit.solutions/raman-jeweller-erp/vendor/laravel/framework/src/Illuminate/Pipeline/Pipeline.php(183): Illuminate\\Http\\Middleware\\HandleCors->handle()
#51 /var/www/vhosts/webwideit.solutions/demo.webwideit.solutions/raman-jeweller-erp/vendor/laravel/framework/src/Illuminate/Http/Middleware/TrustProxies.php(57): Illuminate\\Pipeline\\Pipeline->Illuminate\\Pipeline\\{closure}()
#52 /var/www/vhosts/webwideit.solutions/demo.webwideit.solutions/raman-jeweller-erp/vendor/laravel/framework/src/Illuminate/Pipeline/Pipeline.php(183): Illuminate\\Http\\Middleware\\TrustProxies->handle()
#53 /var/www/vhosts/webwideit.solutions/demo.webwideit.solutions/raman-jeweller-erp/vendor/laravel/framework/src/Illuminate/Pipeline/Pipeline.php(119): Illuminate\\Pipeline\\Pipeline->Illuminate\\Pipeline\\{closure}()
#54 /var/www/vhosts/webwideit.solutions/demo.webwideit.solutions/raman-jeweller-erp/vendor/laravel/framework/src/Illuminate/Foundation/Http/Kernel.php(176): Illuminate\\Pipeline\\Pipeline->then()
#55 /var/www/vhosts/webwideit.solutions/demo.webwideit.solutions/raman-jeweller-erp/vendor/laravel/framework/src/Illuminate/Foundation/Http/Kernel.php(145): Illuminate\\Foundation\\Http\\Kernel->sendRequestThroughRouter()
#56 /var/www/vhosts/webwideit.solutions/demo.webwideit.solutions/raman-jeweller-erp/vendor/laravel/framework/src/Illuminate/Foundation/Application.php(1188): Illuminate\\Foundation\\Http\\Kernel->handle()
#57 /var/www/vhosts/webwideit.solutions/demo.webwideit.solutions/raman-jeweller-erp/public/index.php(17): Illuminate\\Foundation\\Application->handleRequest()
#58 {main}
"} 
